2025-07-31 23:35:25[WARN] user: cuongchuck
GET /photos/feeds
AVOID eager loading detected
  Photo => [:photos_user_like_photo]
  Remove from your query: .includes([:photos_user_like_photo])
Call stack
  /mnt/shared/MyFolder/nus-intern/Fotobook/fotobook/app/views/photos/index.html.erb:13:in '_app_views_photos_index_html_erb___4417229839883276497_89048'
  /mnt/shared/MyFolder/nus-intern/Fotobook/fotobook/app/controllers/photos_controller.rb:26:in 'PhotosController#index'

2025-07-31 23:35:25[WARN] user: cuongchuck
GET /photos/feeds
AVOID eager loading detected
  User => [:liked_photos, :liked_photos_users]
  Remove from your query: .includes([:liked_photos, :liked_photos_users])
Call stack
  /mnt/shared/MyFolder/nus-intern/Fotobook/fotobook/app/views/photos/index.html.erb:13:in '_app_views_photos_index_html_erb___4417229839883276497_89048'
  /mnt/shared/MyFolder/nus-intern/Fotobook/fotobook/app/controllers/photos_controller.rb:26:in 'PhotosController#index'

2025-07-31 23:35:48[WARN] user: cuongchuck
GET /photos/feeds
AVOID eager loading detected
  Photo => [:photos_user_like_photo]
  Remove from your query: .includes([:photos_user_like_photo])
Call stack
  /mnt/shared/MyFolder/nus-intern/Fotobook/fotobook/app/views/photos/index.html.erb:13:in '_app_views_photos_index_html_erb___4417229839883276497_95120'
  /mnt/shared/MyFolder/nus-intern/Fotobook/fotobook/app/controllers/photos_controller.rb:26:in 'PhotosController#index'

2025-07-31 23:36:09[WARN] user: cuongchuck
GET /photos/feeds
USE eager loading detected
  Photo => [:user_like_photo]
  Add to your query: .includes([:user_like_photo])
Call stack
  /mnt/shared/MyFolder/nus-intern/Fotobook/fotobook/app/views/photos/index.html.erb:13:in '_app_views_photos_index_html_erb___4417229839883276497_101080'
  /mnt/shared/MyFolder/nus-intern/Fotobook/fotobook/app/controllers/photos_controller.rb:26:in 'PhotosController#index'

2025-07-31 23:36:27[WARN] user: cuongchuck
GET /photos/feeds
AVOID eager loading detected
  Photo => [:photos_user_like_photo]
  Remove from your query: .includes([:photos_user_like_photo])
Call stack
  /mnt/shared/MyFolder/nus-intern/Fotobook/fotobook/app/views/photos/index.html.erb:13:in '_app_views_photos_index_html_erb___4417229839883276497_112960'
  /mnt/shared/MyFolder/nus-intern/Fotobook/fotobook/app/controllers/photos_controller.rb:26:in 'PhotosController#index'

2025-07-31 23:36:53[WARN] user: cuongchuck
GET /photos/feeds
AVOID eager loading detected
  Photo => [:photos_user_like_photo]
  Remove from your query: .includes([:photos_user_like_photo])
Call stack
  /mnt/shared/MyFolder/nus-intern/Fotobook/fotobook/app/views/photos/index.html.erb:13:in '_app_views_photos_index_html_erb___4417229839883276497_112960'
  /mnt/shared/MyFolder/nus-intern/Fotobook/fotobook/app/controllers/photos_controller.rb:26:in 'PhotosController#index'

2025-07-31 23:38:35[WARN] user: cuongchuck
GET /photos/feeds
AVOID eager loading detected
  Photo => [:photos_user_like_photo]
  Remove from your query: .includes([:photos_user_like_photo])
Call stack
  /mnt/shared/MyFolder/nus-intern/Fotobook/fotobook/app/views/photos/index.html.erb:13:in '_app_views_photos_index_html_erb___4417229839883276497_119040'
  /mnt/shared/MyFolder/nus-intern/Fotobook/fotobook/app/controllers/photos_controller.rb:26:in 'PhotosController#index'

2025-07-31 23:38:43[WARN] user: cuongchuck
GET /photos/discover
AVOID eager loading detected
  Photo => [:photos_user_like_photo]
  Remove from your query: .includes([:photos_user_like_photo])
Call stack
  /mnt/shared/MyFolder/nus-intern/Fotobook/fotobook/app/views/photos/index.html.erb:13:in '_app_views_photos_index_html_erb___4417229839883276497_119248'

2025-07-31 23:39:08[WARN] user: cuongchuck
GET /photos/discover
AVOID eager loading detected
  Photo => [:photos_user_like_photo]
  Remove from your query: .includes([:photos_user_like_photo])
Call stack
  /mnt/shared/MyFolder/nus-intern/Fotobook/fotobook/app/views/photos/index.html.erb:13:in '_app_views_photos_index_html_erb___4417229839883276497_125152'

2025-07-31 23:39:14[WARN] user: cuongchuck
GET /photos/discover
AVOID eager loading detected
  Photo => [:photos_user_like_photo]
  Remove from your query: .includes([:photos_user_like_photo])
Call stack
  /mnt/shared/MyFolder/nus-intern/Fotobook/fotobook/app/views/photos/index.html.erb:13:in '_app_views_photos_index_html_erb___4417229839883276497_125152'

2025-07-31 23:39:44[WARN] user: cuongchuck
GET /photos/discover
AVOID eager loading detected
  Photo => [:photos_user_like_photo]
  Remove from your query: .includes([:photos_user_like_photo])
Call stack
  /mnt/shared/MyFolder/nus-intern/Fotobook/fotobook/app/views/photos/index.html.erb:13:in '_app_views_photos_index_html_erb___4417229839883276497_131256'

2025-07-31 23:39:44[WARN] user: cuongchuck
GET /photos/discover
AVOID eager loading detected
  User => [:followers_users]
  Remove from your query: .includes([:followers_users])
Call stack
  /mnt/shared/MyFolder/nus-intern/Fotobook/fotobook/app/views/photos/index.html.erb:13:in '_app_views_photos_index_html_erb___4417229839883276497_131256'

2025-07-31 23:40:07[WARN] user: cuongchuck
GET /photos/discover
AVOID eager loading detected
  Photo => [:photos_user_like_photo]
  Remove from your query: .includes([:photos_user_like_photo])
Call stack
  /mnt/shared/MyFolder/nus-intern/Fotobook/fotobook/app/views/photos/index.html.erb:13:in '_app_views_photos_index_html_erb___4417229839883276497_137304'

2025-07-31 23:40:07[WARN] user: cuongchuck
GET /photos/discover
AVOID eager loading detected
  User => [:followees, :followees_users]
  Remove from your query: .includes([:followees, :followees_users])
Call stack
  /mnt/shared/MyFolder/nus-intern/Fotobook/fotobook/app/views/photos/index.html.erb:13:in '_app_views_photos_index_html_erb___4417229839883276497_137304'

2025-07-31 23:40:20[WARN] user: cuongchuck
GET /photos/discover
AVOID eager loading detected
  Photo => [:photos_user_like_photo]
  Remove from your query: .includes([:photos_user_like_photo])
Call stack
  /mnt/shared/MyFolder/nus-intern/Fotobook/fotobook/app/views/photos/index.html.erb:13:in '_app_views_photos_index_html_erb___4417229839883276497_143352'

2025-07-31 23:40:20[WARN] user: cuongchuck
GET /photos/discover
AVOID eager loading detected
  User => [:followers_users]
  Remove from your query: .includes([:followers_users])
Call stack
  /mnt/shared/MyFolder/nus-intern/Fotobook/fotobook/app/views/photos/index.html.erb:13:in '_app_views_photos_index_html_erb___4417229839883276497_143352'

2025-07-31 23:40:32[WARN] user: cuongchuck
GET /photos/discover
AVOID eager loading detected
  Photo => [:photos_user_like_photo]
  Remove from your query: .includes([:photos_user_like_photo])
Call stack
  /mnt/shared/MyFolder/nus-intern/Fotobook/fotobook/app/views/photos/index.html.erb:13:in '_app_views_photos_index_html_erb___4417229839883276497_143352'

2025-07-31 23:40:32[WARN] user: cuongchuck
GET /photos/discover
AVOID eager loading detected
  User => [:followers_users]
  Remove from your query: .includes([:followers_users])
Call stack
  /mnt/shared/MyFolder/nus-intern/Fotobook/fotobook/app/views/photos/index.html.erb:13:in '_app_views_photos_index_html_erb___4417229839883276497_143352'

2025-07-31 23:40:49[WARN] user: cuongchuck
GET /albums/discover
AVOID eager loading detected
  Album => [:user_like_album, :albums_user_like_album]
  Remove from your query: .includes([:user_like_album, :albums_user_like_album])
Call stack
  /mnt/shared/MyFolder/nus-intern/Fotobook/fotobook/app/views/albums/index.html.erb:13:in '_app_views_albums_index_html_erb__2236911299943682156_143736'

2025-07-31 23:40:55[WARN] user: cuongchuck
GET /
AVOID eager loading detected
  Photo => [:user_like_photo, :photos_user_like_photo]
  Remove from your query: .includes([:user_like_photo, :photos_user_like_photo])
Call stack
  /mnt/shared/MyFolder/nus-intern/Fotobook/fotobook/app/views/photos/index.html.erb:13:in '_app_views_photos_index_html_erb___4417229839883276497_143352'

2025-07-31 23:42:02[WARN] user: cuongchuck
GET /
AVOID eager loading detected
  Photo => [:user_like_photo, :photos_user_like_photo]
  Remove from your query: .includes([:user_like_photo, :photos_user_like_photo])
Call stack
  /mnt/shared/MyFolder/nus-intern/Fotobook/fotobook/app/views/photos/index.html.erb:13:in '_app_views_photos_index_html_erb___4417229839883276497_143352'

2025-08-01 08:33:58[WARN] user: cuongchuck
GET /
AVOID eager loading detected
  Photo => [:user_like_photo, :photos_user_like_photo]
  Remove from your query: .includes([:user_like_photo, :photos_user_like_photo])
Call stack
  /mnt/shared/MyFolder/nus-intern/Fotobook/fotobook/app/views/photos/index.html.erb:13:in '_app_views_photos_index_html_erb__1933180198435241055_17000'

2025-08-01 08:34:27[WARN] user: cuongchuck
GET /
AVOID eager loading detected
  Photo => [:user_like_photo, :photos_user_like_photo]
  Remove from your query: .includes([:user_like_photo, :photos_user_like_photo])
Call stack
  /mnt/shared/MyFolder/nus-intern/Fotobook/fotobook/app/views/photos/index.html.erb:13:in '_app_views_photos_index_html_erb__1933180198435241055_17000'

2025-08-01 08:34:30[WARN] user: cuongchuck
GET /search/photos?search=12
AVOID eager loading detected
  Photo => [:user_like_photo, :photos_user_like_photo]
  Remove from your query: .includes([:user_like_photo, :photos_user_like_photo])
Call stack
  /mnt/shared/MyFolder/nus-intern/Fotobook/fotobook/app/views/photos/index.html.erb:13:in '_app_views_photos_index_html_erb__1933180198435241055_17000'
  /mnt/shared/MyFolder/nus-intern/Fotobook/fotobook/app/controllers/photos_controller.rb:37:in 'PhotosController#search'

2025-08-01 08:36:15[WARN] user: cuongchuck
GET /
AVOID eager loading detected
  Photo => [:user_like_photo, :photos_user_like_photo]
  Remove from your query: .includes([:user_like_photo, :photos_user_like_photo])
Call stack
  /mnt/shared/MyFolder/nus-intern/Fotobook/fotobook/app/views/photos/index.html.erb:13:in '_app_views_photos_index_html_erb__1933180198435241055_17000'

2025-08-01 08:36:24[WARN] user: cuongchuck
GET /photos/feeds
AVOID eager loading detected
  Photo => [:photos_user_like_photo]
  Remove from your query: .includes([:photos_user_like_photo])
Call stack
  /mnt/shared/MyFolder/nus-intern/Fotobook/fotobook/app/views/photos/index.html.erb:13:in '_app_views_photos_index_html_erb__1933180198435241055_17808'
  /mnt/shared/MyFolder/nus-intern/Fotobook/fotobook/app/controllers/photos_controller.rb:26:in 'PhotosController#index'

2025-08-01 08:37:08[WARN] user: cuongchuck
GET /users/3/albums
USE eager loading detected
  Album => [:photos]
  Add to your query: .includes([:photos])
Call stack
  /mnt/shared/MyFolder/nus-intern/Fotobook/fotobook/app/views/application/_profile_album.html.erb:4:in '_app_views_application__profile_album_html_erb___926789916705260297_18248'
  /mnt/shared/MyFolder/nus-intern/Fotobook/fotobook/app/views/users/show.html.erb:30:in 'block in _app_views_users_show_html_erb__2333170687304261095_18048'
  /mnt/shared/MyFolder/nus-intern/Fotobook/fotobook/app/views/users/show.html.erb:29:in '_app_views_users_show_html_erb__2333170687304261095_18048'
  /mnt/shared/MyFolder/nus-intern/Fotobook/fotobook/app/controllers/users_controller.rb:19:in 'UsersController#show'

2025-08-01 08:37:44[WARN] user: cuongchuck
GET /users/3/albums
USE eager loading detected
  Album => [:photos]
  Add to your query: .includes([:photos])
Call stack
  /mnt/shared/MyFolder/nus-intern/Fotobook/fotobook/app/views/application/_profile_album.html.erb:4:in '_app_views_application__profile_album_html_erb___926789916705260297_18248'
  /mnt/shared/MyFolder/nus-intern/Fotobook/fotobook/app/views/users/show.html.erb:30:in 'block in _app_views_users_show_html_erb__2333170687304261095_18048'
  /mnt/shared/MyFolder/nus-intern/Fotobook/fotobook/app/views/users/show.html.erb:29:in '_app_views_users_show_html_erb__2333170687304261095_18048'
  /mnt/shared/MyFolder/nus-intern/Fotobook/fotobook/app/controllers/users_controller.rb:19:in 'UsersController#show'

2025-08-01 08:38:17[WARN] user: cuongchuck
GET /users/3/albums
USE eager loading detected
  Album => [:photos]
  Add to your query: .includes([:photos])
Call stack
  /mnt/shared/MyFolder/nus-intern/Fotobook/fotobook/app/views/application/_profile_album.html.erb:4:in '_app_views_application__profile_album_html_erb___926789916705260297_18248'
  /mnt/shared/MyFolder/nus-intern/Fotobook/fotobook/app/views/users/show.html.erb:30:in 'block in _app_views_users_show_html_erb__2333170687304261095_18048'
  /mnt/shared/MyFolder/nus-intern/Fotobook/fotobook/app/views/users/show.html.erb:29:in '_app_views_users_show_html_erb__2333170687304261095_18048'
  /mnt/shared/MyFolder/nus-intern/Fotobook/fotobook/app/controllers/users_controller.rb:19:in 'UsersController#show'

2025-08-01 08:40:12[WARN] user: cuongchuck
GET /users/3/albums
USE eager loading detected
  Album => [:photos]
  Add to your query: .includes([:photos])
Call stack
  /mnt/shared/MyFolder/nus-intern/Fotobook/fotobook/app/views/application/_profile_album.html.erb:4:in '_app_views_application__profile_album_html_erb___926789916705260297_18248'
  /mnt/shared/MyFolder/nus-intern/Fotobook/fotobook/app/views/users/show.html.erb:30:in 'block in _app_views_users_show_html_erb__2333170687304261095_18048'
  /mnt/shared/MyFolder/nus-intern/Fotobook/fotobook/app/views/users/show.html.erb:29:in '_app_views_users_show_html_erb__2333170687304261095_18048'
  /mnt/shared/MyFolder/nus-intern/Fotobook/fotobook/app/controllers/users_controller.rb:19:in 'UsersController#show'

2025-08-01 08:43:36[WARN] user: cuongchuck
GET /users/3/albums
USE eager loading detected
  Album => [:photos]
  Add to your query: .includes([:photos])
Call stack
  /mnt/shared/MyFolder/nus-intern/Fotobook/fotobook/app/views/application/_profile_album.html.erb:4:in '_app_views_application__profile_album_html_erb___926789916705260297_18248'
  /mnt/shared/MyFolder/nus-intern/Fotobook/fotobook/app/views/users/show.html.erb:30:in 'block in _app_views_users_show_html_erb__2333170687304261095_18048'
  /mnt/shared/MyFolder/nus-intern/Fotobook/fotobook/app/views/users/show.html.erb:29:in '_app_views_users_show_html_erb__2333170687304261095_18048'
  /mnt/shared/MyFolder/nus-intern/Fotobook/fotobook/app/controllers/users_controller.rb:19:in 'UsersController#show'

2025-08-01 08:43:42[WARN] user: cuongchuck
GET /
AVOID eager loading detected
  Photo => [:user_like_photo, :photos_user_like_photo]
  Remove from your query: .includes([:user_like_photo, :photos_user_like_photo])
Call stack
  /mnt/shared/MyFolder/nus-intern/Fotobook/fotobook/app/views/photos/index.html.erb:13:in '_app_views_photos_index_html_erb__1933180198435241055_17000'

2025-08-01 08:44:03[WARN] user: cuongchuck
GET /photos/feeds
AVOID eager loading detected
  Photo => [:photos_user_like_photo]
  Remove from your query: .includes([:photos_user_like_photo])
Call stack
  /mnt/shared/MyFolder/nus-intern/Fotobook/fotobook/app/views/photos/index.html.erb:13:in '_app_views_photos_index_html_erb__1933180198435241055_17808'
  /mnt/shared/MyFolder/nus-intern/Fotobook/fotobook/app/controllers/photos_controller.rb:26:in 'PhotosController#index'

2025-08-01 08:47:56[WARN] user: cuongchuck
GET /photos/feeds
AVOID eager loading detected
  Photo => [:photos_user_like_photo]
  Remove from your query: .includes([:photos_user_like_photo])
Call stack
  /mnt/shared/MyFolder/nus-intern/Fotobook/fotobook/app/views/photos/index.html.erb:13:in '_app_views_photos_index_html_erb__1933180198435241055_17808'
  /mnt/shared/MyFolder/nus-intern/Fotobook/fotobook/app/controllers/photos_controller.rb:26:in 'PhotosController#index'

2025-08-01 08:47:57[WARN] user: cuongchuck
GET /photos/feeds
AVOID eager loading detected
  Photo => [:photos_user_like_photo]
  Remove from your query: .includes([:photos_user_like_photo])
Call stack
  /mnt/shared/MyFolder/nus-intern/Fotobook/fotobook/app/views/photos/index.html.erb:13:in '_app_views_photos_index_html_erb__1933180198435241055_17808'
  /mnt/shared/MyFolder/nus-intern/Fotobook/fotobook/app/controllers/photos_controller.rb:26:in 'PhotosController#index'

2025-08-01 08:48:00[WARN] user: cuongchuck
GET /
AVOID eager loading detected
  Photo => [:user_like_photo, :photos_user_like_photo]
  Remove from your query: .includes([:user_like_photo, :photos_user_like_photo])
Call stack
  /mnt/shared/MyFolder/nus-intern/Fotobook/fotobook/app/views/photos/index.html.erb:13:in '_app_views_photos_index_html_erb__1933180198435241055_17000'

2025-08-01 08:48:02[WARN] user: cuongchuck
GET /albums
USE eager loading detected
  User => [:avatar]
  Add to your query: .includes([:avatar])
Call stack
  /mnt/shared/MyFolder/nus-intern/Fotobook/fotobook/app/views/albums/_album_post.html.erb:13:in '_app_views_albums__album_post_html_erb___3053995214422789193_19752'
  /mnt/shared/MyFolder/nus-intern/Fotobook/fotobook/app/views/albums/index.html.erb:21:in 'block in _app_views_albums_index_html_erb__690015072158144430_17656'
  /mnt/shared/MyFolder/nus-intern/Fotobook/fotobook/app/views/albums/index.html.erb:13:in '_app_views_albums_index_html_erb__690015072158144430_17656'

2025-08-01 08:48:02[WARN] user: cuongchuck
GET /albums
AVOID eager loading detected
  Album => [:user_like_album, :albums_user_like_album]
  Remove from your query: .includes([:user_like_album, :albums_user_like_album])
Call stack
  /mnt/shared/MyFolder/nus-intern/Fotobook/fotobook/app/views/albums/index.html.erb:13:in '_app_views_albums_index_html_erb__690015072158144430_17656'

2025-08-01 08:49:06[WARN] user: cuongchuck
GET /albums
AVOID eager loading detected
  Album => [:user_like_album, :albums_user_like_album]
  Remove from your query: .includes([:user_like_album, :albums_user_like_album])
Call stack
  /mnt/shared/MyFolder/nus-intern/Fotobook/fotobook/app/views/albums/index.html.erb:13:in '_app_views_albums_index_html_erb__690015072158144430_25408'

2025-08-01 08:49:44[WARN] user: cuongchuck
GET /albums
AVOID eager loading detected
  Album => [:user_like_album, :albums_user_like_album]
  Remove from your query: .includes([:user_like_album, :albums_user_like_album])
Call stack
  /mnt/shared/MyFolder/nus-intern/Fotobook/fotobook/app/views/albums/index.html.erb:13:in '_app_views_albums_index_html_erb__690015072158144430_25408'

2025-08-01 08:50:56[WARN] user: cuongchuck
GET /photos/feeds
AVOID eager loading detected
  Photo => [:photos_user_like_photo]
  Remove from your query: .includes([:photos_user_like_photo])
Call stack
  /mnt/shared/MyFolder/nus-intern/Fotobook/fotobook/app/views/photos/index.html.erb:13:in '_app_views_photos_index_html_erb__1933180198435241055_26040'
  /mnt/shared/MyFolder/nus-intern/Fotobook/fotobook/app/controllers/photos_controller.rb:26:in 'PhotosController#index'

2025-08-01 08:50:59[WARN] user: cuongchuck
GET /albums/feeds
AVOID eager loading detected
  Album => [:user_like_album, :albums_user_like_album]
  Remove from your query: .includes([:user_like_album, :albums_user_like_album])
Call stack
  /mnt/shared/MyFolder/nus-intern/Fotobook/fotobook/app/views/albums/index.html.erb:13:in '_app_views_albums_index_html_erb__690015072158144430_26224'
  /mnt/shared/MyFolder/nus-intern/Fotobook/fotobook/app/controllers/albums_controller.rb:19:in 'AlbumsController#index'

2025-08-01 08:50:59[WARN] user: cuongchuck
GET /albums/feeds
AVOID eager loading detected
  User => [:followees, :followees_users]
  Remove from your query: .includes([:followees, :followees_users])
Call stack
  /mnt/shared/MyFolder/nus-intern/Fotobook/fotobook/app/views/albums/index.html.erb:13:in '_app_views_albums_index_html_erb__690015072158144430_26224'
  /mnt/shared/MyFolder/nus-intern/Fotobook/fotobook/app/controllers/albums_controller.rb:19:in 'AlbumsController#index'

2025-08-01 08:51:05[WARN] user: cuongchuck
GET /photos/discover
AVOID eager loading detected
  Photo => [:photos_user_like_photo]
  Remove from your query: .includes([:photos_user_like_photo])
Call stack
  /mnt/shared/MyFolder/nus-intern/Fotobook/fotobook/app/views/photos/index.html.erb:13:in '_app_views_photos_index_html_erb__1933180198435241055_26288'

2025-08-01 08:51:05[WARN] user: cuongchuck
GET /photos/discover
AVOID eager loading detected
  User => [:followers, :followers_users]
  Remove from your query: .includes([:followers, :followers_users])
Call stack
  /mnt/shared/MyFolder/nus-intern/Fotobook/fotobook/app/views/photos/index.html.erb:13:in '_app_views_photos_index_html_erb__1933180198435241055_26288'

2025-08-01 08:51:08[WARN] user: cuongchuck
GET /albums/discover
USE eager loading detected
  User => [:followers]
  Add to your query: .includes([:followers])
Call stack
  /mnt/shared/MyFolder/nus-intern/Fotobook/fotobook/app/views/albums/index.html.erb:13:in '_app_views_albums_index_html_erb__690015072158144430_25408'

2025-08-01 08:51:08[WARN] user: cuongchuck
GET /albums/discover
AVOID eager loading detected
  Album => [:user_like_album, :albums_user_like_album]
  Remove from your query: .includes([:user_like_album, :albums_user_like_album])
Call stack
  /mnt/shared/MyFolder/nus-intern/Fotobook/fotobook/app/views/albums/index.html.erb:13:in '_app_views_albums_index_html_erb__690015072158144430_25408'

2025-08-01 08:51:12[WARN] user: cuongchuck
GET /photos/feeds
AVOID eager loading detected
  Photo => [:photos_user_like_photo]
  Remove from your query: .includes([:photos_user_like_photo])
Call stack
  /mnt/shared/MyFolder/nus-intern/Fotobook/fotobook/app/views/photos/index.html.erb:13:in '_app_views_photos_index_html_erb__1933180198435241055_26040'
  /mnt/shared/MyFolder/nus-intern/Fotobook/fotobook/app/controllers/photos_controller.rb:26:in 'PhotosController#index'

2025-08-01 08:51:14[WARN] user: cuongchuck
GET /albums/feeds
USE eager loading detected
  User => [:avatar]
  Add to your query: .includes([:avatar])
Call stack
  /mnt/shared/MyFolder/nus-intern/Fotobook/fotobook/app/views/albums/index.html.erb:13:in '_app_views_albums_index_html_erb__690015072158144430_26224'
  /mnt/shared/MyFolder/nus-intern/Fotobook/fotobook/app/controllers/albums_controller.rb:19:in 'AlbumsController#index'

2025-08-01 08:51:14[WARN] user: cuongchuck
GET /albums/feeds
AVOID eager loading detected
  Album => [:user_like_album, :albums_user_like_album]
  Remove from your query: .includes([:user_like_album, :albums_user_like_album])
Call stack
  /mnt/shared/MyFolder/nus-intern/Fotobook/fotobook/app/views/albums/index.html.erb:13:in '_app_views_albums_index_html_erb__690015072158144430_26224'
  /mnt/shared/MyFolder/nus-intern/Fotobook/fotobook/app/controllers/albums_controller.rb:19:in 'AlbumsController#index'

2025-08-01 08:51:14[WARN] user: cuongchuck
GET /albums/feeds
AVOID eager loading detected
  User => [:followees, :followees_users]
  Remove from your query: .includes([:followees, :followees_users])
Call stack
  /mnt/shared/MyFolder/nus-intern/Fotobook/fotobook/app/views/albums/index.html.erb:13:in '_app_views_albums_index_html_erb__690015072158144430_26224'
  /mnt/shared/MyFolder/nus-intern/Fotobook/fotobook/app/controllers/albums_controller.rb:19:in 'AlbumsController#index'

2025-08-01 08:51:19[WARN] user: cuongchuck
GET /albums/feeds
USE eager loading detected
  User => [:avatar]
  Add to your query: .includes([:avatar])
Call stack
  /mnt/shared/MyFolder/nus-intern/Fotobook/fotobook/app/views/albums/index.html.erb:13:in '_app_views_albums_index_html_erb__690015072158144430_26224'
  /mnt/shared/MyFolder/nus-intern/Fotobook/fotobook/app/controllers/albums_controller.rb:19:in 'AlbumsController#index'

2025-08-01 08:51:19[WARN] user: cuongchuck
GET /albums/feeds
AVOID eager loading detected
  Album => [:user_like_album, :albums_user_like_album]
  Remove from your query: .includes([:user_like_album, :albums_user_like_album])
Call stack
  /mnt/shared/MyFolder/nus-intern/Fotobook/fotobook/app/views/albums/index.html.erb:13:in '_app_views_albums_index_html_erb__690015072158144430_26224'
  /mnt/shared/MyFolder/nus-intern/Fotobook/fotobook/app/controllers/albums_controller.rb:19:in 'AlbumsController#index'

2025-08-01 08:51:19[WARN] user: cuongchuck
GET /albums/feeds
AVOID eager loading detected
  User => [:followees, :followees_users]
  Remove from your query: .includes([:followees, :followees_users])
Call stack
  /mnt/shared/MyFolder/nus-intern/Fotobook/fotobook/app/views/albums/index.html.erb:13:in '_app_views_albums_index_html_erb__690015072158144430_26224'
  /mnt/shared/MyFolder/nus-intern/Fotobook/fotobook/app/controllers/albums_controller.rb:19:in 'AlbumsController#index'

2025-08-01 08:52:55[WARN] user: cuongchuck
GET /albums/feeds
AVOID eager loading detected
  Album => [:user_like_album, :albums_user_like_album]
  Remove from your query: .includes([:user_like_album, :albums_user_like_album])
Call stack
  /mnt/shared/MyFolder/nus-intern/Fotobook/fotobook/app/views/albums/index.html.erb:13:in '_app_views_albums_index_html_erb__690015072158144430_32776'
  /mnt/shared/MyFolder/nus-intern/Fotobook/fotobook/app/controllers/albums_controller.rb:19:in 'AlbumsController#index'

2025-08-01 08:53:59[WARN] user: cuongchuck
GET /albums/feeds
AVOID eager loading detected
  Album => [:albums_user_like_album]
  Remove from your query: .includes([:albums_user_like_album])
Call stack
  /mnt/shared/MyFolder/nus-intern/Fotobook/fotobook/app/views/albums/index.html.erb:13:in '_app_views_albums_index_html_erb__690015072158144430_38760'
  /mnt/shared/MyFolder/nus-intern/Fotobook/fotobook/app/controllers/albums_controller.rb:19:in 'AlbumsController#index'

2025-08-01 08:54:46[WARN] user: cuongchuck
GET /albums/feeds
AVOID eager loading detected
  Album => [:albums_user_like_album]
  Remove from your query: .includes([:albums_user_like_album])
Call stack
  /mnt/shared/MyFolder/nus-intern/Fotobook/fotobook/app/views/albums/index.html.erb:13:in '_app_views_albums_index_html_erb__690015072158144430_38760'
  /mnt/shared/MyFolder/nus-intern/Fotobook/fotobook/app/controllers/albums_controller.rb:19:in 'AlbumsController#index'

2025-08-01 08:57:53[WARN] user: cuongchuck
GET /albums/feeds
AVOID eager loading detected
  Album => [:albums_user_like_album]
  Remove from your query: .includes([:albums_user_like_album])
Call stack
  /mnt/shared/MyFolder/nus-intern/Fotobook/fotobook/app/views/albums/index.html.erb:13:in '_app_views_albums_index_html_erb__690015072158144430_38760'
  /mnt/shared/MyFolder/nus-intern/Fotobook/fotobook/app/controllers/albums_controller.rb:19:in 'AlbumsController#index'

2025-08-01 08:59:38[WARN] user: cuongchuck
GET /albums/feeds
AVOID eager loading detected
  Album => [:albums_user_like_album]
  Remove from your query: .includes([:albums_user_like_album])
Call stack
  /mnt/shared/MyFolder/nus-intern/Fotobook/fotobook/app/views/albums/index.html.erb:13:in '_app_views_albums_index_html_erb__690015072158144430_51136'
  /mnt/shared/MyFolder/nus-intern/Fotobook/fotobook/app/controllers/albums_controller.rb:19:in 'AlbumsController#index'

2025-08-01 08:59:38[WARN] user: cuongchuck
GET /albums/feeds
AVOID eager loading detected
  Photo => [:person]
  Remove from your query: .includes([:person])
Call stack
  /mnt/shared/MyFolder/nus-intern/Fotobook/fotobook/app/views/albums/index.html.erb:13:in '_app_views_albums_index_html_erb__690015072158144430_51136'
  /mnt/shared/MyFolder/nus-intern/Fotobook/fotobook/app/controllers/albums_controller.rb:19:in 'AlbumsController#index'

2025-08-01 09:00:14[WARN] user: cuongchuck
GET /albums/feeds
USE eager loading detected
  Album => [:user]
  Add to your query: .includes([:user])
Call stack
  /mnt/shared/MyFolder/nus-intern/Fotobook/fotobook/app/views/albums/index.html.erb:13:in '_app_views_albums_index_html_erb__690015072158144430_57232'
  /mnt/shared/MyFolder/nus-intern/Fotobook/fotobook/app/controllers/albums_controller.rb:19:in 'AlbumsController#index'

2025-08-01 09:00:14[WARN] user: cuongchuck
GET /albums/feeds
AVOID eager loading detected
  Album => [:albums_user_like_album]
  Remove from your query: .includes([:albums_user_like_album])
Call stack
  /mnt/shared/MyFolder/nus-intern/Fotobook/fotobook/app/views/albums/index.html.erb:13:in '_app_views_albums_index_html_erb__690015072158144430_57232'
  /mnt/shared/MyFolder/nus-intern/Fotobook/fotobook/app/controllers/albums_controller.rb:19:in 'AlbumsController#index'

2025-08-01 09:00:14[WARN] user: cuongchuck
GET /albums/feeds
AVOID eager loading detected
  Photo => [:person, :user]
  Remove from your query: .includes([:person, :user])
Call stack
  /mnt/shared/MyFolder/nus-intern/Fotobook/fotobook/app/views/albums/index.html.erb:13:in '_app_views_albums_index_html_erb__690015072158144430_57232'
  /mnt/shared/MyFolder/nus-intern/Fotobook/fotobook/app/controllers/albums_controller.rb:19:in 'AlbumsController#index'

2025-08-01 09:01:48[WARN] user: cuongchuck
GET /albums/feeds
AVOID eager loading detected
  Album => [:albums_user_like_album]
  Remove from your query: .includes([:albums_user_like_album])
Call stack
  /mnt/shared/MyFolder/nus-intern/Fotobook/fotobook/app/views/albums/index.html.erb:13:in '_app_views_albums_index_html_erb__690015072158144430_69336'
  /mnt/shared/MyFolder/nus-intern/Fotobook/fotobook/app/controllers/albums_controller.rb:19:in 'AlbumsController#index'

2025-08-01 09:03:33[WARN] user: cuongchuck
GET /albums/feeds
AVOID eager loading detected
  Album => [:albums_user_like_album]
  Remove from your query: .includes([:albums_user_like_album])
Call stack
  /mnt/shared/MyFolder/nus-intern/Fotobook/fotobook/app/views/albums/index.html.erb:13:in '_app_views_albums_index_html_erb__690015072158144430_75360'
  /mnt/shared/MyFolder/nus-intern/Fotobook/fotobook/app/controllers/albums_controller.rb:19:in 'AlbumsController#index'

2025-08-01 09:04:45[WARN] user: cuongchuck
GET /albums/feeds
AVOID eager loading detected
  Album => [:albums_user_like_album]
  Remove from your query: .includes([:albums_user_like_album])
Call stack
  /mnt/shared/MyFolder/nus-intern/Fotobook/fotobook/app/views/albums/index.html.erb:13:in '_app_views_albums_index_html_erb__690015072158144430_87576'
  /mnt/shared/MyFolder/nus-intern/Fotobook/fotobook/app/controllers/albums_controller.rb:19:in 'AlbumsController#index'

2025-08-01 09:04:54[WARN] user: cuongchuck
GET /albums/feeds
AVOID eager loading detected
  Album => [:albums_user_like_album]
  Remove from your query: .includes([:albums_user_like_album])
Call stack
  /mnt/shared/MyFolder/nus-intern/Fotobook/fotobook/app/views/albums/index.html.erb:13:in '_app_views_albums_index_html_erb__690015072158144430_87576'
  /mnt/shared/MyFolder/nus-intern/Fotobook/fotobook/app/controllers/albums_controller.rb:19:in 'AlbumsController#index'

2025-08-01 09:05:29[WARN] user: cuongchuck
GET /users/3/albums
USE eager loading detected
  Album => [:photos]
  Add to your query: .includes([:photos])
Call stack
  /mnt/shared/MyFolder/nus-intern/Fotobook/fotobook/app/views/application/_profile_album.html.erb:4:in '_app_views_application__profile_album_html_erb___926789916705260297_88200'
  /mnt/shared/MyFolder/nus-intern/Fotobook/fotobook/app/views/users/show.html.erb:34:in 'block in _app_views_users_show_html_erb__2333170687304261095_88160'
  /mnt/shared/MyFolder/nus-intern/Fotobook/fotobook/app/views/users/show.html.erb:33:in '_app_views_users_show_html_erb__2333170687304261095_88160'
  /mnt/shared/MyFolder/nus-intern/Fotobook/fotobook/app/controllers/users_controller.rb:19:in 'UsersController#show'

2025-08-01 09:05:30[WARN] user: cuongchuck
GET /photos/discover
AVOID eager loading detected
  Photo => [:photos_user_like_photo]
  Remove from your query: .includes([:photos_user_like_photo])
Call stack
  /mnt/shared/MyFolder/nus-intern/Fotobook/fotobook/app/views/photos/index.html.erb:13:in '_app_views_photos_index_html_erb__1933180198435241055_88320'

2025-08-01 09:05:30[WARN] user: cuongchuck
GET /photos/discover
AVOID eager loading detected
  User => [:followers, :followers_users]
  Remove from your query: .includes([:followers, :followers_users])
Call stack
  /mnt/shared/MyFolder/nus-intern/Fotobook/fotobook/app/views/photos/index.html.erb:13:in '_app_views_photos_index_html_erb__1933180198435241055_88320'

2025-08-01 09:05:32[WARN] user: cuongchuck
GET /albums/discover
USE eager loading detected
  User => [:followers]
  Add to your query: .includes([:followers])
Call stack
  /mnt/shared/MyFolder/nus-intern/Fotobook/fotobook/app/views/albums/index.html.erb:13:in '_app_views_albums_index_html_erb__690015072158144430_88512'

2025-08-01 09:05:32[WARN] user: cuongchuck
GET /albums/discover
AVOID eager loading detected
  Album => [:albums_user_like_album]
  Remove from your query: .includes([:albums_user_like_album])
Call stack
  /mnt/shared/MyFolder/nus-intern/Fotobook/fotobook/app/views/albums/index.html.erb:13:in '_app_views_albums_index_html_erb__690015072158144430_88512'

2025-08-01 09:10:24[WARN] user: cuongchuck
GET /albums/discover
AVOID eager loading detected
  Album => [:albums_user_like_album]
  Remove from your query: .includes([:albums_user_like_album])
Call stack
  /mnt/shared/MyFolder/nus-intern/Fotobook/fotobook/app/views/albums/index.html.erb:13:in '_app_views_albums_index_html_erb__690015072158144430_94408'

2025-08-01 09:10:24[WARN] user: cuongchuck
GET /albums/discover
AVOID eager loading detected
  User => [:followers_users]
  Remove from your query: .includes([:followers_users])
Call stack
  /mnt/shared/MyFolder/nus-intern/Fotobook/fotobook/app/views/albums/index.html.erb:13:in '_app_views_albums_index_html_erb__690015072158144430_94408'

2025-08-01 09:10:44[WARN] user: cuongchuck
GET /albums/discover
AVOID eager loading detected
  Album => [:albums_user_like_album]
  Remove from your query: .includes([:albums_user_like_album])
Call stack
  /mnt/shared/MyFolder/nus-intern/Fotobook/fotobook/app/views/albums/index.html.erb:13:in '_app_views_albums_index_html_erb__690015072158144430_94408'

2025-08-01 09:10:44[WARN] user: cuongchuck
GET /albums/discover
AVOID eager loading detected
  User => [:followers_users]
  Remove from your query: .includes([:followers_users])
Call stack
  /mnt/shared/MyFolder/nus-intern/Fotobook/fotobook/app/views/albums/index.html.erb:13:in '_app_views_albums_index_html_erb__690015072158144430_94408'

2025-08-01 09:11:42[WARN] user: cuongchuck
GET /users/3/albums
USE eager loading detected
  Album => [:photos]
  Add to your query: .includes([:photos])
Call stack
  /mnt/shared/MyFolder/nus-intern/Fotobook/fotobook/app/views/application/_profile_album.html.erb:4:in '_app_views_application__profile_album_html_erb___926789916705260297_95144'
  /mnt/shared/MyFolder/nus-intern/Fotobook/fotobook/app/views/users/show.html.erb:34:in 'block in _app_views_users_show_html_erb__2333170687304261095_95064'
  /mnt/shared/MyFolder/nus-intern/Fotobook/fotobook/app/views/users/show.html.erb:33:in '_app_views_users_show_html_erb__2333170687304261095_95064'
  /mnt/shared/MyFolder/nus-intern/Fotobook/fotobook/app/controllers/users_controller.rb:19:in 'UsersController#show'

2025-08-01 09:12:15[WARN] user: cuongchuck
GET /users/3/albums
USE eager loading detected
  Album => [:photos]
  Add to your query: .includes([:photos])
Call stack
  /mnt/shared/MyFolder/nus-intern/Fotobook/fotobook/app/views/application/_profile_album.html.erb:4:in '_app_views_application__profile_album_html_erb___926789916705260297_95144'
  /mnt/shared/MyFolder/nus-intern/Fotobook/fotobook/app/views/users/show.html.erb:34:in 'block in _app_views_users_show_html_erb__2333170687304261095_95064'
  /mnt/shared/MyFolder/nus-intern/Fotobook/fotobook/app/views/users/show.html.erb:33:in '_app_views_users_show_html_erb__2333170687304261095_95064'
  /mnt/shared/MyFolder/nus-intern/Fotobook/fotobook/app/controllers/users_controller.rb:19:in 'UsersController#show'

2025-08-01 09:14:18[WARN] user: cuongchuck
GET /users/2/photos
AVOID eager loading detected
  User => [:photos]
  Remove from your query: .includes([:photos])
Call stack
  /mnt/shared/MyFolder/nus-intern/Fotobook/fotobook/app/controllers/users_controller.rb:17:in 'UsersController#show'

2025-08-01 09:14:20[WARN] user: cuongchuck
GET /users/2/photos
AVOID eager loading detected
  User => [:photos]
  Remove from your query: .includes([:photos])
Call stack
  /mnt/shared/MyFolder/nus-intern/Fotobook/fotobook/app/controllers/users_controller.rb:17:in 'UsersController#show'

2025-08-01 09:15:25[WARN] user: cuongchuck
GET /photos/discover
AVOID eager loading detected
  Photo => [:photos_user_like_photo]
  Remove from your query: .includes([:photos_user_like_photo])
Call stack
  /mnt/shared/MyFolder/nus-intern/Fotobook/fotobook/app/views/photos/index.html.erb:13:in '_app_views_photos_index_html_erb__1933180198435241055_119336'

2025-08-01 09:15:25[WARN] user: cuongchuck
GET /photos/discover
AVOID eager loading detected
  User => [:followers, :followers_users]
  Remove from your query: .includes([:followers, :followers_users])
Call stack
  /mnt/shared/MyFolder/nus-intern/Fotobook/fotobook/app/views/photos/index.html.erb:13:in '_app_views_photos_index_html_erb__1933180198435241055_119336'

2025-08-01 09:15:28[WARN] user: cuongchuck
GET /users/2/photos
AVOID eager loading detected
  User => [:photos]
  Remove from your query: .includes([:photos])
Call stack
  /mnt/shared/MyFolder/nus-intern/Fotobook/fotobook/app/controllers/users_controller.rb:17:in 'UsersController#show'

2025-08-01 09:15:29[WARN] user: cuongchuck
GET /albums/discover
AVOID eager loading detected
  Album => [:albums_user_like_album]
  Remove from your query: .includes([:albums_user_like_album])
Call stack
  /mnt/shared/MyFolder/nus-intern/Fotobook/fotobook/app/views/albums/index.html.erb:13:in '_app_views_albums_index_html_erb__690015072158144430_119624'

2025-08-01 09:15:29[WARN] user: cuongchuck
GET /albums/discover
AVOID eager loading detected
  User => [:followers_users]
  Remove from your query: .includes([:followers_users])
Call stack
  /mnt/shared/MyFolder/nus-intern/Fotobook/fotobook/app/views/albums/index.html.erb:13:in '_app_views_albums_index_html_erb__690015072158144430_119624'

2025-08-01 09:15:31[WARN] user: cuongchuck
GET /users/3/albums
AVOID eager loading detected
  User => [:albums]
  Remove from your query: .includes([:albums])
Call stack
  /mnt/shared/MyFolder/nus-intern/Fotobook/fotobook/app/controllers/users_controller.rb:20:in 'UsersController#show'

2025-08-01 09:15:31[WARN] user: cuongchuck
GET /users/3/albums
AVOID eager loading detected
  Album => [:albums_photos]
  Remove from your query: .includes([:albums_photos])
Call stack
  /mnt/shared/MyFolder/nus-intern/Fotobook/fotobook/app/controllers/users_controller.rb:20:in 'UsersController#show'

2025-08-01 09:20:32[WARN] user: cuongchuck
GET /users/3/albums
AVOID eager loading detected
  User => [:albums]
  Remove from your query: .includes([:albums])
Call stack
  /mnt/shared/MyFolder/nus-intern/Fotobook/fotobook/app/controllers/users_controller.rb:20:in 'UsersController#show'

2025-08-01 09:20:32[WARN] user: cuongchuck
GET /users/3/albums
AVOID eager loading detected
  Album => [:albums_photos]
  Remove from your query: .includes([:albums_photos])
Call stack
  /mnt/shared/MyFolder/nus-intern/Fotobook/fotobook/app/controllers/users_controller.rb:20:in 'UsersController#show'

2025-08-01 09:26:53[WARN] user: cuongchuck
GET /users/3/albums
AVOID eager loading detected
  User => [:albums]
  Remove from your query: .includes([:albums])
Call stack
  /mnt/shared/MyFolder/nus-intern/Fotobook/fotobook/app/controllers/users_controller.rb:20:in 'UsersController#show'

2025-08-01 09:26:53[WARN] user: cuongchuck
GET /users/3/albums
AVOID eager loading detected
  Album => [:albums_photos]
  Remove from your query: .includes([:albums_photos])
Call stack
  /mnt/shared/MyFolder/nus-intern/Fotobook/fotobook/app/controllers/users_controller.rb:20:in 'UsersController#show'

2025-08-01 09:29:42[WARN] user: cuongchuck
GET /users/3/albums
USE eager loading detected
  Album => [:photos]
  Add to your query: .includes([:photos])
Call stack
  /mnt/shared/MyFolder/nus-intern/Fotobook/fotobook/app/views/application/_profile_album.html.erb:4:in '_app_views_application__profile_album_html_erb___926789916705260297_132216'
  /mnt/shared/MyFolder/nus-intern/Fotobook/fotobook/app/views/users/show.html.erb:34:in 'block in _app_views_users_show_html_erb__2333170687304261095_132000'
  /mnt/shared/MyFolder/nus-intern/Fotobook/fotobook/app/views/users/show.html.erb:33:in '_app_views_users_show_html_erb__2333170687304261095_132000'
  /mnt/shared/MyFolder/nus-intern/Fotobook/fotobook/app/controllers/users_controller.rb:22:in 'UsersController#show'

2025-08-01 09:29:56[WARN] user: cuongchuck
GET /users/3/albums
USE eager loading detected
  Album => [:photos]
  Add to your query: .includes([:photos])
Call stack
  /mnt/shared/MyFolder/nus-intern/Fotobook/fotobook/app/views/application/_profile_album.html.erb:4:in '_app_views_application__profile_album_html_erb___926789916705260297_132216'
  /mnt/shared/MyFolder/nus-intern/Fotobook/fotobook/app/views/users/show.html.erb:34:in 'block in _app_views_users_show_html_erb__2333170687304261095_132000'
  /mnt/shared/MyFolder/nus-intern/Fotobook/fotobook/app/views/users/show.html.erb:33:in '_app_views_users_show_html_erb__2333170687304261095_132000'
  /mnt/shared/MyFolder/nus-intern/Fotobook/fotobook/app/controllers/users_controller.rb:22:in 'UsersController#show'

2025-08-01 09:31:11[WARN] user: cuongchuck
GET /users/2/photos
AVOID eager loading detected
  User => [:photos]
  Remove from your query: .includes([:photos])
Call stack
  /mnt/shared/MyFolder/nus-intern/Fotobook/fotobook/app/controllers/users_controller.rb:17:in 'UsersController#show'

2025-08-01 09:31:47[WARN] user: cuongchuck
GET /users/2/photos
AVOID eager loading detected
  User => [:photos]
  Remove from your query: .includes([:photos])
Call stack
  /mnt/shared/MyFolder/nus-intern/Fotobook/fotobook/app/controllers/users_controller.rb:17:in 'UsersController#show'

2025-08-01 09:35:14[WARN] user: cuongchuck
GET /users/2/photos
AVOID eager loading detected
  User => [:photos, :followers, :followers_users, :followees, :followees_users]
  Remove from your query: .includes([:photos, :followers, :followers_users, :followees, :followees_users])
Call stack
  /mnt/shared/MyFolder/nus-intern/Fotobook/fotobook/app/controllers/users_controller.rb:17:in 'UsersController#show'

2025-08-01 09:36:04[WARN] user: cuongchuck
GET /users/2/photos
AVOID eager loading detected
  User => [:photos, :albums, :followers, :followers_users, :followees, :followees_users]
  Remove from your query: .includes([:photos, :albums, :followers, :followers_users, :followees, :followees_users])
Call stack
  /mnt/shared/MyFolder/nus-intern/Fotobook/fotobook/app/controllers/users_controller.rb:17:in 'UsersController#show'

2025-08-01 09:36:09[WARN] user: cuongchuck
GET /users/2/photos
AVOID eager loading detected
  User => [:photos, :albums, :followers, :followers_users, :followees, :followees_users]
  Remove from your query: .includes([:photos, :albums, :followers, :followers_users, :followees, :followees_users])
Call stack
  /mnt/shared/MyFolder/nus-intern/Fotobook/fotobook/app/controllers/users_controller.rb:17:in 'UsersController#show'

2025-08-01 09:36:21[WARN] user: cuongchuck
GET /users/2/photos
AVOID eager loading detected
  User => [:photos, :followers, :followers_users, :followees, :followees_users]
  Remove from your query: .includes([:photos, :followers, :followers_users, :followees, :followees_users])
Call stack
  /mnt/shared/MyFolder/nus-intern/Fotobook/fotobook/app/controllers/users_controller.rb:17:in 'UsersController#show'

2025-08-01 09:36:24[WARN] user: cuongchuck
GET /users/2/photos
AVOID eager loading detected
  User => [:photos, :followers, :followers_users, :followees, :followees_users]
  Remove from your query: .includes([:photos, :followers, :followers_users, :followees, :followees_users])
Call stack
  /mnt/shared/MyFolder/nus-intern/Fotobook/fotobook/app/controllers/users_controller.rb:17:in 'UsersController#show'

2025-08-01 09:36:45[WARN] user: cuongchuck
GET /users/2/photos
AVOID eager loading detected
  User => [:photos]
  Remove from your query: .includes([:photos])
Call stack
  /mnt/shared/MyFolder/nus-intern/Fotobook/fotobook/app/controllers/users_controller.rb:17:in 'UsersController#show'

2025-08-01 09:37:24[WARN] user: cuongchuck
GET /photos/discover
AVOID eager loading detected
  Photo => [:photos_user_like_photo]
  Remove from your query: .includes([:photos_user_like_photo])
Call stack
  /mnt/shared/MyFolder/nus-intern/Fotobook/fotobook/app/views/photos/index.html.erb:13:in '_app_views_photos_index_html_erb__1933180198435241055_175080'

2025-08-01 09:37:24[WARN] user: cuongchuck
GET /photos/discover
AVOID eager loading detected
  User => [:followers, :followers_users]
  Remove from your query: .includes([:followers, :followers_users])
Call stack
  /mnt/shared/MyFolder/nus-intern/Fotobook/fotobook/app/views/photos/index.html.erb:13:in '_app_views_photos_index_html_erb__1933180198435241055_175080'

2025-08-01 09:37:26[WARN] user: cuongchuck
GET /albums/discover
AVOID eager loading detected
  Album => [:albums_user_like_album]
  Remove from your query: .includes([:albums_user_like_album])
Call stack
  /mnt/shared/MyFolder/nus-intern/Fotobook/fotobook/app/views/albums/index.html.erb:13:in '_app_views_albums_index_html_erb__690015072158144430_175336'

2025-08-01 09:37:26[WARN] user: cuongchuck
GET /albums/discover
AVOID eager loading detected
  User => [:followers_users]
  Remove from your query: .includes([:followers_users])
Call stack
  /mnt/shared/MyFolder/nus-intern/Fotobook/fotobook/app/views/albums/index.html.erb:13:in '_app_views_albums_index_html_erb__690015072158144430_175336'

2025-08-01 09:37:29[WARN] user: cuongchuck
GET /users/3/albums
AVOID eager loading detected
  Album => [:user]
  Remove from your query: .includes([:user])
Call stack
  /mnt/shared/MyFolder/nus-intern/Fotobook/fotobook/app/views/users/show.html.erb:33:in '_app_views_users_show_html_erb__2333170687304261095_174872'
  /mnt/shared/MyFolder/nus-intern/Fotobook/fotobook/app/controllers/users_controller.rb:22:in 'UsersController#show'

2025-08-01 09:37:31[WARN] user: cuongchuck
GET /users/3/albums
AVOID eager loading detected
  Album => [:user]
  Remove from your query: .includes([:user])
Call stack
  /mnt/shared/MyFolder/nus-intern/Fotobook/fotobook/app/views/users/show.html.erb:33:in '_app_views_users_show_html_erb__2333170687304261095_174872'
  /mnt/shared/MyFolder/nus-intern/Fotobook/fotobook/app/controllers/users_controller.rb:22:in 'UsersController#show'

2025-08-01 09:37:57[WARN] user: cuongchuck
GET /users/3/albums
AVOID eager loading detected
  User => [:photos]
  Remove from your query: .includes([:photos])
Call stack
  /mnt/shared/MyFolder/nus-intern/Fotobook/fotobook/app/controllers/users_controller.rb:20:in 'UsersController#show'

2025-08-01 09:38:49[WARN] user: cuongchuck
GET /users/3/albums
AVOID eager loading detected
  User => [:albums]
  Remove from your query: .includes([:albums])
Call stack
  /mnt/shared/MyFolder/nus-intern/Fotobook/fotobook/app/controllers/users_controller.rb:20:in 'UsersController#show'

2025-08-01 09:38:50[WARN] user: cuongchuck
GET /users/3/albums
AVOID eager loading detected
  User => [:albums]
  Remove from your query: .includes([:albums])
Call stack
  /mnt/shared/MyFolder/nus-intern/Fotobook/fotobook/app/controllers/users_controller.rb:20:in 'UsersController#show'

2025-08-01 09:38:51[WARN] user: cuongchuck
GET /users/3/albums
AVOID eager loading detected
  User => [:albums]
  Remove from your query: .includes([:albums])
Call stack
  /mnt/shared/MyFolder/nus-intern/Fotobook/fotobook/app/controllers/users_controller.rb:20:in 'UsersController#show'

2025-08-01 09:38:57[WARN] user: cuongchuck
GET /users/3/albums
AVOID eager loading detected
  User => [:albums]
  Remove from your query: .includes([:albums])
Call stack
  /mnt/shared/MyFolder/nus-intern/Fotobook/fotobook/app/controllers/users_controller.rb:20:in 'UsersController#show'

2025-08-01 09:40:49[WARN] user: cuongchuck
GET /
AVOID eager loading detected
  Photo => [:user_like_photo, :photos_user_like_photo]
  Remove from your query: .includes([:user_like_photo, :photos_user_like_photo])
Call stack
  /mnt/shared/MyFolder/nus-intern/Fotobook/fotobook/app/views/photos/index.html.erb:13:in '_app_views_photos_index_html_erb__1933180198435241055_225312'

2025-08-01 09:41:02[WARN] user: cuongchuck
GET /photos/discover
AVOID eager loading detected
  Photo => [:photos_user_like_photo]
  Remove from your query: .includes([:photos_user_like_photo])
Call stack
  /mnt/shared/MyFolder/nus-intern/Fotobook/fotobook/app/views/photos/index.html.erb:13:in '_app_views_photos_index_html_erb__1933180198435241055_225312'

2025-08-01 09:41:02[WARN] user: cuongchuck
GET /photos/discover
AVOID eager loading detected
  User => [:followers_users]
  Remove from your query: .includes([:followers_users])
Call stack
  /mnt/shared/MyFolder/nus-intern/Fotobook/fotobook/app/views/photos/index.html.erb:13:in '_app_views_photos_index_html_erb__1933180198435241055_225312'

2025-08-01 09:41:06[WARN] user: cuongchuck
GET /albums/discover
AVOID eager loading detected
  Album => [:albums_user_like_album]
  Remove from your query: .includes([:albums_user_like_album])
Call stack
  /mnt/shared/MyFolder/nus-intern/Fotobook/fotobook/app/views/albums/index.html.erb:13:in '_app_views_albums_index_html_erb__690015072158144430_225816'

2025-08-01 09:41:06[WARN] user: cuongchuck
GET /albums/discover
AVOID eager loading detected
  User => [:followers_users]
  Remove from your query: .includes([:followers_users])
Call stack
  /mnt/shared/MyFolder/nus-intern/Fotobook/fotobook/app/views/albums/index.html.erb:13:in '_app_views_albums_index_html_erb__690015072158144430_225816'

2025-08-01 09:41:11[WARN] user: cuongchuck
GET /users/4/photos
AVOID eager loading detected
  User => [:photos]
  Remove from your query: .includes([:photos])
Call stack
  /mnt/shared/MyFolder/nus-intern/Fotobook/fotobook/app/controllers/users_controller.rb:17:in 'UsersController#show'

2025-08-01 09:41:13[WARN] user: cuongchuck
GET /users/4/followings
USE eager loading detected
  User => [:avatar]
  Add to your query: .includes([:avatar])
Call stack
  /mnt/shared/MyFolder/nus-intern/Fotobook/fotobook/app/views/application/_profile_follow.html.erb:4:in '_app_views_application__profile_follow_html_erb___1882424556911496892_225160'
  /mnt/shared/MyFolder/nus-intern/Fotobook/fotobook/app/views/users/show.html.erb:40:in 'block (2 levels) in _app_views_users_show_html_erb__2333170687304261095_225088'
  /mnt/shared/MyFolder/nus-intern/Fotobook/fotobook/app/views/users/show.html.erb:39:in 'block in _app_views_users_show_html_erb__2333170687304261095_225088'
  /mnt/shared/MyFolder/nus-intern/Fotobook/fotobook/app/views/users/show.html.erb:38:in '_app_views_users_show_html_erb__2333170687304261095_225088'
  /mnt/shared/MyFolder/nus-intern/Fotobook/fotobook/app/controllers/users_controller.rb:25:in 'UsersController#show'

2025-08-01 09:41:13[WARN] user: cuongchuck
GET /users/4/followings
Need Counter Cache with Active Record size
  User => [:albums]

2025-08-01 09:41:13[WARN] user: cuongchuck
GET /users/4/followings
USE eager loading detected
  User => [:albums]
  Add to your query: .includes([:albums])
Call stack
  /mnt/shared/MyFolder/nus-intern/Fotobook/fotobook/app/views/application/_profile_follow.html.erb:4:in '_app_views_application__profile_follow_html_erb___1882424556911496892_225160'
  /mnt/shared/MyFolder/nus-intern/Fotobook/fotobook/app/views/users/show.html.erb:40:in 'block (2 levels) in _app_views_users_show_html_erb__2333170687304261095_225088'
  /mnt/shared/MyFolder/nus-intern/Fotobook/fotobook/app/views/users/show.html.erb:39:in 'block in _app_views_users_show_html_erb__2333170687304261095_225088'
  /mnt/shared/MyFolder/nus-intern/Fotobook/fotobook/app/views/users/show.html.erb:38:in '_app_views_users_show_html_erb__2333170687304261095_225088'
  /mnt/shared/MyFolder/nus-intern/Fotobook/fotobook/app/controllers/users_controller.rb:25:in 'UsersController#show'

2025-08-01 09:42:58[WARN] user: cuongchuck
GET /users/4/followings
USE eager loading detected
  User => [:avatar]
  Add to your query: .includes([:avatar])
Call stack
  /mnt/shared/MyFolder/nus-intern/Fotobook/fotobook/app/views/application/_profile_follow.html.erb:4:in '_app_views_application__profile_follow_html_erb___1882424556911496892_232176'
  /mnt/shared/MyFolder/nus-intern/Fotobook/fotobook/app/views/users/show.html.erb:40:in 'block (2 levels) in _app_views_users_show_html_erb__2333170687304261095_232120'
  /mnt/shared/MyFolder/nus-intern/Fotobook/fotobook/app/views/users/show.html.erb:39:in 'block in _app_views_users_show_html_erb__2333170687304261095_232120'
  /mnt/shared/MyFolder/nus-intern/Fotobook/fotobook/app/views/users/show.html.erb:38:in '_app_views_users_show_html_erb__2333170687304261095_232120'
  /mnt/shared/MyFolder/nus-intern/Fotobook/fotobook/app/controllers/users_controller.rb:25:in 'UsersController#show'

2025-08-01 09:42:58[WARN] user: cuongchuck
GET /users/4/followings
Need Counter Cache with Active Record size
  User => [:albums]

2025-08-01 09:42:58[WARN] user: cuongchuck
GET /users/4/followings
USE eager loading detected
  User => [:albums]
  Add to your query: .includes([:albums])
Call stack
  /mnt/shared/MyFolder/nus-intern/Fotobook/fotobook/app/views/application/_profile_follow.html.erb:4:in '_app_views_application__profile_follow_html_erb___1882424556911496892_232176'
  /mnt/shared/MyFolder/nus-intern/Fotobook/fotobook/app/views/users/show.html.erb:40:in 'block (2 levels) in _app_views_users_show_html_erb__2333170687304261095_232120'
  /mnt/shared/MyFolder/nus-intern/Fotobook/fotobook/app/views/users/show.html.erb:39:in 'block in _app_views_users_show_html_erb__2333170687304261095_232120'
  /mnt/shared/MyFolder/nus-intern/Fotobook/fotobook/app/views/users/show.html.erb:38:in '_app_views_users_show_html_erb__2333170687304261095_232120'
  /mnt/shared/MyFolder/nus-intern/Fotobook/fotobook/app/controllers/users_controller.rb:25:in 'UsersController#show'

2025-08-01 09:44:31[WARN] user: cuongchuck
GET /users/4/followings
USE eager loading detected
  User => [:avatar]
  Add to your query: .includes([:avatar])
Call stack
  /mnt/shared/MyFolder/nus-intern/Fotobook/fotobook/app/views/application/_profile_follow.html.erb:4:in '_app_views_application__profile_follow_html_erb___1882424556911496892_232176'
  /mnt/shared/MyFolder/nus-intern/Fotobook/fotobook/app/views/users/show.html.erb:40:in 'block (2 levels) in _app_views_users_show_html_erb__2333170687304261095_232120'
  /mnt/shared/MyFolder/nus-intern/Fotobook/fotobook/app/views/users/show.html.erb:39:in 'block in _app_views_users_show_html_erb__2333170687304261095_232120'
  /mnt/shared/MyFolder/nus-intern/Fotobook/fotobook/app/views/users/show.html.erb:38:in '_app_views_users_show_html_erb__2333170687304261095_232120'
  /mnt/shared/MyFolder/nus-intern/Fotobook/fotobook/app/controllers/users_controller.rb:25:in 'UsersController#show'

2025-08-01 09:44:31[WARN] user: cuongchuck
GET /users/4/followings
Need Counter Cache with Active Record size
  User => [:albums]

2025-08-01 09:44:31[WARN] user: cuongchuck
GET /users/4/followings
USE eager loading detected
  User => [:albums]
  Add to your query: .includes([:albums])
Call stack
  /mnt/shared/MyFolder/nus-intern/Fotobook/fotobook/app/views/application/_profile_follow.html.erb:4:in '_app_views_application__profile_follow_html_erb___1882424556911496892_232176'
  /mnt/shared/MyFolder/nus-intern/Fotobook/fotobook/app/views/users/show.html.erb:40:in 'block (2 levels) in _app_views_users_show_html_erb__2333170687304261095_232120'
  /mnt/shared/MyFolder/nus-intern/Fotobook/fotobook/app/views/users/show.html.erb:39:in 'block in _app_views_users_show_html_erb__2333170687304261095_232120'
  /mnt/shared/MyFolder/nus-intern/Fotobook/fotobook/app/views/users/show.html.erb:38:in '_app_views_users_show_html_erb__2333170687304261095_232120'
  /mnt/shared/MyFolder/nus-intern/Fotobook/fotobook/app/controllers/users_controller.rb:25:in 'UsersController#show'

2025-08-01 09:44:54[WARN] user: cuongchuck
GET /users/4/photos
AVOID eager loading detected
  User => [:photos]
  Remove from your query: .includes([:photos])
Call stack
  /mnt/shared/MyFolder/nus-intern/Fotobook/fotobook/app/controllers/users_controller.rb:17:in 'UsersController#show'

2025-08-01 09:44:55[WARN] user: cuongchuck
GET /photos/discover
AVOID eager loading detected
  Photo => [:photos_user_like_photo]
  Remove from your query: .includes([:photos_user_like_photo])
Call stack
  /mnt/shared/MyFolder/nus-intern/Fotobook/fotobook/app/views/photos/index.html.erb:13:in '_app_views_photos_index_html_erb__1933180198435241055_232408'

2025-08-01 09:44:55[WARN] user: cuongchuck
GET /photos/discover
AVOID eager loading detected
  User => [:followers_users]
  Remove from your query: .includes([:followers_users])
Call stack
  /mnt/shared/MyFolder/nus-intern/Fotobook/fotobook/app/views/photos/index.html.erb:13:in '_app_views_photos_index_html_erb__1933180198435241055_232408'

2025-08-01 09:44:58[WARN] user: cuongchuck
GET /users/2/photos
AVOID eager loading detected
  User => [:photos]
  Remove from your query: .includes([:photos])
Call stack
  /mnt/shared/MyFolder/nus-intern/Fotobook/fotobook/app/controllers/users_controller.rb:17:in 'UsersController#show'

2025-08-01 09:45:04[WARN] user: cuongchuck
GET /photos/discover
AVOID eager loading detected
  Photo => [:photos_user_like_photo]
  Remove from your query: .includes([:photos_user_like_photo])
Call stack
  /mnt/shared/MyFolder/nus-intern/Fotobook/fotobook/app/views/photos/index.html.erb:13:in '_app_views_photos_index_html_erb__1933180198435241055_232408'

2025-08-01 09:45:04[WARN] user: cuongchuck
GET /photos/discover
AVOID eager loading detected
  User => [:followers_users]
  Remove from your query: .includes([:followers_users])
Call stack
  /mnt/shared/MyFolder/nus-intern/Fotobook/fotobook/app/views/photos/index.html.erb:13:in '_app_views_photos_index_html_erb__1933180198435241055_232408'

2025-08-01 09:45:07[WARN] user: cuongchuck
GET /albums/discover
AVOID eager loading detected
  Album => [:albums_user_like_album]
  Remove from your query: .includes([:albums_user_like_album])
Call stack
  /mnt/shared/MyFolder/nus-intern/Fotobook/fotobook/app/views/albums/index.html.erb:13:in '_app_views_albums_index_html_erb__690015072158144430_232888'

2025-08-01 09:45:07[WARN] user: cuongchuck
GET /albums/discover
AVOID eager loading detected
  User => [:followers_users]
  Remove from your query: .includes([:followers_users])
Call stack
  /mnt/shared/MyFolder/nus-intern/Fotobook/fotobook/app/views/albums/index.html.erb:13:in '_app_views_albums_index_html_erb__690015072158144430_232888'

2025-08-01 09:45:16[WARN] user: cuongchuck
GET /users/3/followers
USE eager loading detected
  User => [:avatar]
  Add to your query: .includes([:avatar])
Call stack
  /mnt/shared/MyFolder/nus-intern/Fotobook/fotobook/app/views/application/_profile_follow.html.erb:4:in '_app_views_application__profile_follow_html_erb___1882424556911496892_232176'
  /mnt/shared/MyFolder/nus-intern/Fotobook/fotobook/app/views/users/show.html.erb:46:in 'block (2 levels) in _app_views_users_show_html_erb__2333170687304261095_232120'
  /mnt/shared/MyFolder/nus-intern/Fotobook/fotobook/app/views/users/show.html.erb:45:in 'block in _app_views_users_show_html_erb__2333170687304261095_232120'
  /mnt/shared/MyFolder/nus-intern/Fotobook/fotobook/app/views/users/show.html.erb:44:in '_app_views_users_show_html_erb__2333170687304261095_232120'
  /mnt/shared/MyFolder/nus-intern/Fotobook/fotobook/app/controllers/users_controller.rb:28:in 'UsersController#show'

2025-08-01 09:45:16[WARN] user: cuongchuck
GET /users/3/followers
Need Counter Cache with Active Record size
  User => [:albums]

2025-08-01 09:45:16[WARN] user: cuongchuck
GET /users/3/followers
USE eager loading detected
  User => [:albums]
  Add to your query: .includes([:albums])
Call stack
  /mnt/shared/MyFolder/nus-intern/Fotobook/fotobook/app/views/application/_profile_follow.html.erb:4:in '_app_views_application__profile_follow_html_erb___1882424556911496892_232176'
  /mnt/shared/MyFolder/nus-intern/Fotobook/fotobook/app/views/users/show.html.erb:46:in 'block (2 levels) in _app_views_users_show_html_erb__2333170687304261095_232120'
  /mnt/shared/MyFolder/nus-intern/Fotobook/fotobook/app/views/users/show.html.erb:45:in 'block in _app_views_users_show_html_erb__2333170687304261095_232120'
  /mnt/shared/MyFolder/nus-intern/Fotobook/fotobook/app/views/users/show.html.erb:44:in '_app_views_users_show_html_erb__2333170687304261095_232120'
  /mnt/shared/MyFolder/nus-intern/Fotobook/fotobook/app/controllers/users_controller.rb:28:in 'UsersController#show'

2025-08-01 09:45:16[WARN] user: cuongchuck
GET /users/3/followers
USE eager loading detected
  User => [:followers]
  Add to your query: .includes([:followers])
Call stack
  /mnt/shared/MyFolder/nus-intern/Fotobook/fotobook/app/views/application/_profile_follow.html.erb:4:in '_app_views_application__profile_follow_html_erb___1882424556911496892_232176'
  /mnt/shared/MyFolder/nus-intern/Fotobook/fotobook/app/views/users/show.html.erb:46:in 'block (2 levels) in _app_views_users_show_html_erb__2333170687304261095_232120'
  /mnt/shared/MyFolder/nus-intern/Fotobook/fotobook/app/views/users/show.html.erb:45:in 'block in _app_views_users_show_html_erb__2333170687304261095_232120'
  /mnt/shared/MyFolder/nus-intern/Fotobook/fotobook/app/views/users/show.html.erb:44:in '_app_views_users_show_html_erb__2333170687304261095_232120'
  /mnt/shared/MyFolder/nus-intern/Fotobook/fotobook/app/controllers/users_controller.rb:28:in 'UsersController#show'

2025-08-01 09:45:37[WARN] user: cuongchuck
GET /users/3/followers
USE eager loading detected
  User => [:avatar]
  Add to your query: .includes([:avatar])
Call stack
  /mnt/shared/MyFolder/nus-intern/Fotobook/fotobook/app/views/application/_profile_follow.html.erb:4:in '_app_views_application__profile_follow_html_erb___1882424556911496892_245376'
  /mnt/shared/MyFolder/nus-intern/Fotobook/fotobook/app/views/users/show.html.erb:46:in 'block (2 levels) in _app_views_users_show_html_erb__2333170687304261095_245312'
  /mnt/shared/MyFolder/nus-intern/Fotobook/fotobook/app/views/users/show.html.erb:45:in 'block in _app_views_users_show_html_erb__2333170687304261095_245312'
  /mnt/shared/MyFolder/nus-intern/Fotobook/fotobook/app/views/users/show.html.erb:44:in '_app_views_users_show_html_erb__2333170687304261095_245312'
  /mnt/shared/MyFolder/nus-intern/Fotobook/fotobook/app/controllers/users_controller.rb:28:in 'UsersController#show'

2025-08-01 09:45:37[WARN] user: cuongchuck
GET /users/3/followers
Need Counter Cache with Active Record size
  User => [:albums]

2025-08-01 09:45:37[WARN] user: cuongchuck
GET /users/3/followers
USE eager loading detected
  User => [:albums]
  Add to your query: .includes([:albums])
Call stack
  /mnt/shared/MyFolder/nus-intern/Fotobook/fotobook/app/views/application/_profile_follow.html.erb:4:in '_app_views_application__profile_follow_html_erb___1882424556911496892_245376'
  /mnt/shared/MyFolder/nus-intern/Fotobook/fotobook/app/views/users/show.html.erb:46:in 'block (2 levels) in _app_views_users_show_html_erb__2333170687304261095_245312'
  /mnt/shared/MyFolder/nus-intern/Fotobook/fotobook/app/views/users/show.html.erb:45:in 'block in _app_views_users_show_html_erb__2333170687304261095_245312'
  /mnt/shared/MyFolder/nus-intern/Fotobook/fotobook/app/views/users/show.html.erb:44:in '_app_views_users_show_html_erb__2333170687304261095_245312'
  /mnt/shared/MyFolder/nus-intern/Fotobook/fotobook/app/controllers/users_controller.rb:28:in 'UsersController#show'

2025-08-01 09:45:37[WARN] user: cuongchuck
GET /users/3/followers
USE eager loading detected
  User => [:followers]
  Add to your query: .includes([:followers])
Call stack
  /mnt/shared/MyFolder/nus-intern/Fotobook/fotobook/app/views/application/_profile_follow.html.erb:4:in '_app_views_application__profile_follow_html_erb___1882424556911496892_245376'
  /mnt/shared/MyFolder/nus-intern/Fotobook/fotobook/app/views/users/show.html.erb:46:in 'block (2 levels) in _app_views_users_show_html_erb__2333170687304261095_245312'
  /mnt/shared/MyFolder/nus-intern/Fotobook/fotobook/app/views/users/show.html.erb:45:in 'block in _app_views_users_show_html_erb__2333170687304261095_245312'
  /mnt/shared/MyFolder/nus-intern/Fotobook/fotobook/app/views/users/show.html.erb:44:in '_app_views_users_show_html_erb__2333170687304261095_245312'
  /mnt/shared/MyFolder/nus-intern/Fotobook/fotobook/app/controllers/users_controller.rb:28:in 'UsersController#show'

2025-08-01 09:46:40[WARN] user: cuongchuck
GET /users/3/followers
USE eager loading detected
  User => [:avatar]
  Add to your query: .includes([:avatar])
Call stack
  /mnt/shared/MyFolder/nus-intern/Fotobook/fotobook/app/controllers/users_controller.rb:27:in 'UsersController#show'

2025-08-01 09:46:40[WARN] user: cuongchuck
GET /users/3/followers
Need Counter Cache with Active Record size
  User => [:albums]

2025-08-01 09:46:40[WARN] user: cuongchuck
GET /users/3/followers
USE eager loading detected
  User => [:followers]
  Add to your query: .includes([:followers])
Call stack
  /mnt/shared/MyFolder/nus-intern/Fotobook/fotobook/app/controllers/users_controller.rb:27:in 'UsersController#show'

2025-08-01 09:46:40[WARN] user: cuongchuck
GET /users/3/followers
AVOID eager loading detected
  User => [:photos]
  Remove from your query: .includes([:photos])
Call stack
  /mnt/shared/MyFolder/nus-intern/Fotobook/fotobook/app/controllers/users_controller.rb:27:in 'UsersController#show'

2025-08-01 09:49:26[WARN] user: cuongchuck
GET /users/3/followers
USE eager loading detected
  User => [:avatar]
  Add to your query: .includes([:avatar])
Call stack
  /mnt/shared/MyFolder/nus-intern/Fotobook/fotobook/app/controllers/users_controller.rb:27:in 'UsersController#show'

2025-08-01 09:49:26[WARN] user: cuongchuck
GET /users/3/followers
USE eager loading detected
  User => [:followers]
  Add to your query: .includes([:followers])
Call stack
  /mnt/shared/MyFolder/nus-intern/Fotobook/fotobook/app/controllers/users_controller.rb:27:in 'UsersController#show'

2025-08-01 09:49:26[WARN] user: cuongchuck
GET /users/3/followers
AVOID eager loading detected
  User => [:photos, :albums]
  Remove from your query: .includes([:photos, :albums])
Call stack
  /mnt/shared/MyFolder/nus-intern/Fotobook/fotobook/app/controllers/users_controller.rb:27:in 'UsersController#show'

2025-08-01 09:49:30[WARN] user: cuongchuck
GET /users/3/followers
USE eager loading detected
  User => [:avatar]
  Add to your query: .includes([:avatar])
Call stack
  /mnt/shared/MyFolder/nus-intern/Fotobook/fotobook/app/controllers/users_controller.rb:27:in 'UsersController#show'

2025-08-01 09:49:30[WARN] user: cuongchuck
GET /users/3/followers
USE eager loading detected
  User => [:followers]
  Add to your query: .includes([:followers])
Call stack
  /mnt/shared/MyFolder/nus-intern/Fotobook/fotobook/app/controllers/users_controller.rb:27:in 'UsersController#show'

2025-08-01 09:49:30[WARN] user: cuongchuck
GET /users/3/followers
AVOID eager loading detected
  User => [:photos, :albums]
  Remove from your query: .includes([:photos, :albums])
Call stack
  /mnt/shared/MyFolder/nus-intern/Fotobook/fotobook/app/controllers/users_controller.rb:27:in 'UsersController#show'

2025-08-01 09:49:47[WARN] user: cuongchuck
GET /users/3/followers
USE eager loading detected
  User => [:avatar]
  Add to your query: .includes([:avatar])
Call stack
  /mnt/shared/MyFolder/nus-intern/Fotobook/fotobook/app/controllers/users_controller.rb:27:in 'UsersController#show'

2025-08-01 09:49:47[WARN] user: cuongchuck
GET /users/3/followers
USE eager loading detected
  User => [:followers]
  Add to your query: .includes([:followers])
Call stack
  /mnt/shared/MyFolder/nus-intern/Fotobook/fotobook/app/controllers/users_controller.rb:27:in 'UsersController#show'

2025-08-01 09:49:47[WARN] user: cuongchuck
GET /users/3/followers
AVOID eager loading detected
  User => [:photos, :albums]
  Remove from your query: .includes([:photos, :albums])
Call stack
  /mnt/shared/MyFolder/nus-intern/Fotobook/fotobook/app/controllers/users_controller.rb:27:in 'UsersController#show'

2025-08-01 09:49:51[WARN] user: cuongchuck
GET /users/3/followers
USE eager loading detected
  User => [:avatar]
  Add to your query: .includes([:avatar])
Call stack
  /mnt/shared/MyFolder/nus-intern/Fotobook/fotobook/app/controllers/users_controller.rb:27:in 'UsersController#show'

2025-08-01 09:49:51[WARN] user: cuongchuck
GET /users/3/followers
USE eager loading detected
  User => [:followers]
  Add to your query: .includes([:followers])
Call stack
  /mnt/shared/MyFolder/nus-intern/Fotobook/fotobook/app/controllers/users_controller.rb:27:in 'UsersController#show'

2025-08-01 09:49:51[WARN] user: cuongchuck
GET /users/3/followers
AVOID eager loading detected
  User => [:photos, :albums]
  Remove from your query: .includes([:photos, :albums])
Call stack
  /mnt/shared/MyFolder/nus-intern/Fotobook/fotobook/app/controllers/users_controller.rb:27:in 'UsersController#show'

2025-08-01 09:49:59[WARN] user: cuongchuck
GET /users/3/followers
USE eager loading detected
  User => [:avatar]
  Add to your query: .includes([:avatar])
Call stack
  /mnt/shared/MyFolder/nus-intern/Fotobook/fotobook/app/views/application/_profile_follow.html.erb:4:in '_app_views_application__profile_follow_html_erb___1882424556911496892_263936'
  /mnt/shared/MyFolder/nus-intern/Fotobook/fotobook/app/views/users/show.html.erb:46:in 'block (2 levels) in _app_views_users_show_html_erb__2333170687304261095_263864'
  /mnt/shared/MyFolder/nus-intern/Fotobook/fotobook/app/views/users/show.html.erb:45:in 'block in _app_views_users_show_html_erb__2333170687304261095_263864'
  /mnt/shared/MyFolder/nus-intern/Fotobook/fotobook/app/views/users/show.html.erb:44:in '_app_views_users_show_html_erb__2333170687304261095_263864'
  /mnt/shared/MyFolder/nus-intern/Fotobook/fotobook/app/controllers/users_controller.rb:28:in 'UsersController#show'

2025-08-01 09:49:59[WARN] user: cuongchuck
GET /users/3/followers
Need Counter Cache with Active Record size
  User => [:albums]

2025-08-01 09:49:59[WARN] user: cuongchuck
GET /users/3/followers
USE eager loading detected
  User => [:followers]
  Add to your query: .includes([:followers])
Call stack
  /mnt/shared/MyFolder/nus-intern/Fotobook/fotobook/app/views/application/_profile_follow.html.erb:4:in '_app_views_application__profile_follow_html_erb___1882424556911496892_263936'
  /mnt/shared/MyFolder/nus-intern/Fotobook/fotobook/app/views/users/show.html.erb:46:in 'block (2 levels) in _app_views_users_show_html_erb__2333170687304261095_263864'
  /mnt/shared/MyFolder/nus-intern/Fotobook/fotobook/app/views/users/show.html.erb:45:in 'block in _app_views_users_show_html_erb__2333170687304261095_263864'
  /mnt/shared/MyFolder/nus-intern/Fotobook/fotobook/app/views/users/show.html.erb:44:in '_app_views_users_show_html_erb__2333170687304261095_263864'
  /mnt/shared/MyFolder/nus-intern/Fotobook/fotobook/app/controllers/users_controller.rb:28:in 'UsersController#show'

2025-08-01 09:50:22[WARN] user: cuongchuck
GET /users/3/followers
USE eager loading detected
  User => [:avatar]
  Add to your query: .includes([:avatar])
Call stack
  /mnt/shared/MyFolder/nus-intern/Fotobook/fotobook/app/views/application/_profile_follow.html.erb:4:in '_app_views_application__profile_follow_html_erb___1882424556911496892_270056'
  /mnt/shared/MyFolder/nus-intern/Fotobook/fotobook/app/views/users/show.html.erb:46:in 'block (2 levels) in _app_views_users_show_html_erb__2333170687304261095_269992'
  /mnt/shared/MyFolder/nus-intern/Fotobook/fotobook/app/views/users/show.html.erb:45:in 'block in _app_views_users_show_html_erb__2333170687304261095_269992'
  /mnt/shared/MyFolder/nus-intern/Fotobook/fotobook/app/views/users/show.html.erb:44:in '_app_views_users_show_html_erb__2333170687304261095_269992'
  /mnt/shared/MyFolder/nus-intern/Fotobook/fotobook/app/controllers/users_controller.rb:28:in 'UsersController#show'

2025-08-01 09:50:22[WARN] user: cuongchuck
GET /users/3/followers
Need Counter Cache with Active Record size
  User => [:albums]

2025-08-01 09:50:22[WARN] user: cuongchuck
GET /users/3/followers
USE eager loading detected
  User => [:followers]
  Add to your query: .includes([:followers])
Call stack
  /mnt/shared/MyFolder/nus-intern/Fotobook/fotobook/app/views/application/_profile_follow.html.erb:4:in '_app_views_application__profile_follow_html_erb___1882424556911496892_270056'
  /mnt/shared/MyFolder/nus-intern/Fotobook/fotobook/app/views/users/show.html.erb:46:in 'block (2 levels) in _app_views_users_show_html_erb__2333170687304261095_269992'
  /mnt/shared/MyFolder/nus-intern/Fotobook/fotobook/app/views/users/show.html.erb:45:in 'block in _app_views_users_show_html_erb__2333170687304261095_269992'
  /mnt/shared/MyFolder/nus-intern/Fotobook/fotobook/app/views/users/show.html.erb:44:in '_app_views_users_show_html_erb__2333170687304261095_269992'
  /mnt/shared/MyFolder/nus-intern/Fotobook/fotobook/app/controllers/users_controller.rb:28:in 'UsersController#show'

2025-08-01 09:50:39[WARN] user: cuongchuck
GET /users/3/followers
USE eager loading detected
  User => [:avatar]
  Add to your query: .includes([:avatar])
Call stack
  /mnt/shared/MyFolder/nus-intern/Fotobook/fotobook/app/views/application/_profile_follow.html.erb:4:in '_app_views_application__profile_follow_html_erb___1882424556911496892_276192'
  /mnt/shared/MyFolder/nus-intern/Fotobook/fotobook/app/views/users/show.html.erb:46:in 'block (2 levels) in _app_views_users_show_html_erb__2333170687304261095_276128'
  /mnt/shared/MyFolder/nus-intern/Fotobook/fotobook/app/views/users/show.html.erb:45:in 'block in _app_views_users_show_html_erb__2333170687304261095_276128'
  /mnt/shared/MyFolder/nus-intern/Fotobook/fotobook/app/views/users/show.html.erb:44:in '_app_views_users_show_html_erb__2333170687304261095_276128'
  /mnt/shared/MyFolder/nus-intern/Fotobook/fotobook/app/controllers/users_controller.rb:28:in 'UsersController#show'

2025-08-01 09:50:39[WARN] user: cuongchuck
GET /users/3/followers
Need Counter Cache with Active Record size
  User => [:albums]

2025-08-01 09:50:39[WARN] user: cuongchuck
GET /users/3/followers
USE eager loading detected
  User => [:followers]
  Add to your query: .includes([:followers])
Call stack
  /mnt/shared/MyFolder/nus-intern/Fotobook/fotobook/app/views/application/_profile_follow.html.erb:4:in '_app_views_application__profile_follow_html_erb___1882424556911496892_276192'
  /mnt/shared/MyFolder/nus-intern/Fotobook/fotobook/app/views/users/show.html.erb:46:in 'block (2 levels) in _app_views_users_show_html_erb__2333170687304261095_276128'
  /mnt/shared/MyFolder/nus-intern/Fotobook/fotobook/app/views/users/show.html.erb:45:in 'block in _app_views_users_show_html_erb__2333170687304261095_276128'
  /mnt/shared/MyFolder/nus-intern/Fotobook/fotobook/app/views/users/show.html.erb:44:in '_app_views_users_show_html_erb__2333170687304261095_276128'
  /mnt/shared/MyFolder/nus-intern/Fotobook/fotobook/app/controllers/users_controller.rb:28:in 'UsersController#show'

2025-08-01 09:53:04[WARN] user: cuongchuck
GET /users/3/followers
USE eager loading detected
  User => [:avatar]
  Add to your query: .includes([:avatar])
Call stack
  /mnt/shared/MyFolder/nus-intern/Fotobook/fotobook/app/views/application/_profile_follow.html.erb:4:in '_app_views_application__profile_follow_html_erb___1882424556911496892_282368'
  /mnt/shared/MyFolder/nus-intern/Fotobook/fotobook/app/views/users/show.html.erb:46:in 'block (2 levels) in _app_views_users_show_html_erb__2333170687304261095_282320'
  /mnt/shared/MyFolder/nus-intern/Fotobook/fotobook/app/views/users/show.html.erb:45:in 'block in _app_views_users_show_html_erb__2333170687304261095_282320'
  /mnt/shared/MyFolder/nus-intern/Fotobook/fotobook/app/views/users/show.html.erb:44:in '_app_views_users_show_html_erb__2333170687304261095_282320'
  /mnt/shared/MyFolder/nus-intern/Fotobook/fotobook/app/controllers/users_controller.rb:28:in 'UsersController#show'

2025-08-01 09:53:04[WARN] user: cuongchuck
GET /users/3/followers
Need Counter Cache with Active Record size
  User => [:albums]

2025-08-01 09:53:04[WARN] user: cuongchuck
GET /users/3/followers
USE eager loading detected
  User => [:followers]
  Add to your query: .includes([:followers])
Call stack
  /mnt/shared/MyFolder/nus-intern/Fotobook/fotobook/app/views/application/_profile_follow.html.erb:4:in '_app_views_application__profile_follow_html_erb___1882424556911496892_282368'
  /mnt/shared/MyFolder/nus-intern/Fotobook/fotobook/app/views/users/show.html.erb:46:in 'block (2 levels) in _app_views_users_show_html_erb__2333170687304261095_282320'
  /mnt/shared/MyFolder/nus-intern/Fotobook/fotobook/app/views/users/show.html.erb:45:in 'block in _app_views_users_show_html_erb__2333170687304261095_282320'
  /mnt/shared/MyFolder/nus-intern/Fotobook/fotobook/app/views/users/show.html.erb:44:in '_app_views_users_show_html_erb__2333170687304261095_282320'
  /mnt/shared/MyFolder/nus-intern/Fotobook/fotobook/app/controllers/users_controller.rb:28:in 'UsersController#show'

2025-08-01 09:53:54[WARN] user: cuongchuck
GET /users/3/followers
Need Counter Cache with Active Record size
  User => [:albums]

2025-08-01 09:53:54[WARN] user: cuongchuck
GET /users/3/followers
USE eager loading detected
  User => [:followers]
  Add to your query: .includes([:followers])
Call stack
  /mnt/shared/MyFolder/nus-intern/Fotobook/fotobook/app/controllers/users_controller.rb:27:in 'UsersController#show'

2025-08-01 09:54:15[WARN] user: cuongchuck
GET /users/3/followers
Need Counter Cache with Active Record size
  User => [:albums]

2025-08-01 09:54:15[WARN] user: cuongchuck
GET /users/3/followers
USE eager loading detected
  User => [:followers]
  Add to your query: .includes([:followers])
Call stack
  /mnt/shared/MyFolder/nus-intern/Fotobook/fotobook/app/controllers/users_controller.rb:27:in 'UsersController#show'

2025-08-01 09:54:35[WARN] user: cuongchuck
GET /users/3/followers
Need Counter Cache with Active Record size
  User => [:albums]

2025-08-01 09:54:35[WARN] user: cuongchuck
GET /users/3/followers
USE eager loading detected
  User => [:followers]
  Add to your query: .includes([:followers])
Call stack
  /mnt/shared/MyFolder/nus-intern/Fotobook/fotobook/app/controllers/users_controller.rb:27:in 'UsersController#show'

2025-08-01 09:56:28[WARN] user: cuongchuck
GET /users/3/followers
Need Counter Cache with Active Record size
  User => [:albums]

2025-08-01 09:56:28[WARN] user: cuongchuck
GET /users/3/followers
USE eager loading detected
  User => [:followers]
  Add to your query: .includes([:followers])
Call stack
  /mnt/shared/MyFolder/nus-intern/Fotobook/fotobook/app/controllers/users_controller.rb:27:in 'UsersController#show'

2025-08-01 09:56:55[WARN] user: cuongchuck
GET /users/3/followers
USE eager loading detected
  User => [:followers]
  Add to your query: .includes([:followers])
Call stack
  /mnt/shared/MyFolder/nus-intern/Fotobook/fotobook/app/controllers/users_controller.rb:27:in 'UsersController#show'

2025-08-01 09:56:55[WARN] user: cuongchuck
GET /users/3/followers
AVOID eager loading detected
  User => [:photos, :albums]
  Remove from your query: .includes([:photos, :albums])
Call stack
  /mnt/shared/MyFolder/nus-intern/Fotobook/fotobook/app/controllers/users_controller.rb:27:in 'UsersController#show'

2025-08-01 10:09:52[WARN] user: cuongchuck
GET /
AVOID eager loading detected
  Photo => [:user_like_photo, :photos_user_like_photo]
  Remove from your query: .includes([:user_like_photo, :photos_user_like_photo])
Call stack
  /mnt/shared/MyFolder/nus-intern/Fotobook/fotobook/app/views/photos/index.html.erb:13:in '_app_views_photos_index_html_erb__1933180198435241055_313384'

2025-08-01 10:17:22[WARN] user: cuongchuck
GET /photos/feeds
AVOID eager loading detected
  Photo => [:photos_user_like_photo]
  Remove from your query: .includes([:photos_user_like_photo])
Call stack
  /mnt/shared/MyFolder/nus-intern/Fotobook/fotobook/app/views/photos/index.html.erb:13:in '_app_views_photos_index_html_erb___2614461469189383945_17192'
  /mnt/shared/MyFolder/nus-intern/Fotobook/fotobook/app/controllers/photos_controller.rb:26:in 'PhotosController#index'

2025-08-01 10:17:24[WARN] user: cuongchuck
GET /users/2/photos
AVOID eager loading detected
  User => [:photos]
  Remove from your query: .includes([:photos])
Call stack
  /mnt/shared/MyFolder/nus-intern/Fotobook/fotobook/app/controllers/users_controller.rb:17:in 'UsersController#show'

2025-08-01 10:17:24[WARN] user: cuongchuck
GET /users/3/photos
AVOID eager loading detected
  User => [:photos]
  Remove from your query: .includes([:photos])
Call stack
  /mnt/shared/MyFolder/nus-intern/Fotobook/fotobook/app/controllers/users_controller.rb:17:in 'UsersController#show'

2025-08-01 10:17:28[WARN] user: cuongchuck
GET /users/3/photos
AVOID eager loading detected
  User => [:photos]
  Remove from your query: .includes([:photos])
Call stack
  /mnt/shared/MyFolder/nus-intern/Fotobook/fotobook/app/controllers/users_controller.rb:17:in 'UsersController#show'

2025-08-01 10:17:32[WARN] user: cuongchuck
GET /users/3/photos
AVOID eager loading detected
  User => [:photos]
  Remove from your query: .includes([:photos])
Call stack
  /mnt/shared/MyFolder/nus-intern/Fotobook/fotobook/app/controllers/users_controller.rb:17:in 'UsersController#show'

2025-08-01 10:17:45[WARN] user: cuongchuck
GET /users/3/followers
USE eager loading detected
  User => [:followers]
  Add to your query: .includes([:followers])
Call stack
  /mnt/shared/MyFolder/nus-intern/Fotobook/fotobook/app/controllers/users_controller.rb:27:in 'UsersController#show'

2025-08-01 10:18:07[WARN] user: cuongchuck
GET /users/3/followers
USE eager loading detected
  User => [:followers]
  Add to your query: .includes([:followers])
Call stack
  /mnt/shared/MyFolder/nus-intern/Fotobook/fotobook/app/controllers/users_controller.rb:27:in 'UsersController#show'

2025-08-01 10:19:27[WARN] user: cuongchuck
GET /users/3/followers
USE eager loading detected
  User => [:followers]
  Add to your query: .includes([:followers])
Call stack
  /mnt/shared/MyFolder/nus-intern/Fotobook/fotobook/app/controllers/users_controller.rb:27:in 'UsersController#show'

2025-08-01 10:19:38[WARN] user: cuongchuck
GET /users/3/photos
AVOID eager loading detected
  User => [:photos]
  Remove from your query: .includes([:photos])
Call stack
  /mnt/shared/MyFolder/nus-intern/Fotobook/fotobook/app/controllers/users_controller.rb:17:in 'UsersController#show'

2025-08-01 10:19:41[WARN] user: cuongchuck
GET /
AVOID eager loading detected
  Photo => [:user_like_photo, :photos_user_like_photo]
  Remove from your query: .includes([:user_like_photo, :photos_user_like_photo])
Call stack
  /mnt/shared/MyFolder/nus-intern/Fotobook/fotobook/app/views/photos/index.html.erb:13:in '_app_views_photos_index_html_erb___2614461469189383945_24704'

